<?xml version="1.0" encoding="UTF-8"?>
<!-- Generated by org.testng.reporters.JUnitXMLReporter -->
<testsuite ignored="0" hostname="LAPTOP-LPT1M1TK" failures="0" tests="3" name="Default test" time="24.66" errors="0" timestamp="2023-06-02T15:53:15 IST">
  <testcase classname="com.testing.Task_04" name="f" time="9.741"/>
  <testcase classname="com.testing.Task_04" name="login" time="5.614"/>
  <testcase classname="com.testing.Task_04" name="logout" time="9.264"/>
</testsuite> <!-- Default test -->
