<?xml version="1.0" encoding="UTF-8"?>
<testng-results ignored="0" total="3" passed="3" failed="0" skipped="0">
  <reporter-output>
  </reporter-output>
  <suite started-at="2023-06-02T15:52:50 IST" name="Default suite" finished-at="2023-06-02T15:53:15 IST" duration-ms="24660">
    <groups>
    </groups>
    <test started-at="2023-06-02T15:52:50 IST" name="Default test" finished-at="2023-06-02T15:53:15 IST" duration-ms="24660">
      <class name="com.testing.Task_04">
        <test-method signature="f()[pri:0, instance:com.testing.Task_04@20deea7f]" started-at="2023-06-02T15:52:50 IST" name="f" finished-at="2023-06-02T15:53:00 IST" duration-ms="9741" status="PASS">
          <reporter-output>
          </reporter-output>
        </test-method> <!-- f -->
        <test-method signature="login()[pri:0, instance:com.testing.Task_04@20deea7f]" started-at="2023-06-02T15:53:00 IST" name="login" finished-at="2023-06-02T15:53:05 IST" duration-ms="5614" status="PASS">
          <reporter-output>
          </reporter-output>
        </test-method> <!-- login -->
        <test-method signature="logout()[pri:0, instance:com.testing.Task_04@20deea7f]" started-at="2023-06-02T15:53:05 IST" name="logout" finished-at="2023-06-02T15:53:15 IST" depends-on-methods="com.testing.Task_04.login" duration-ms="9264" status="PASS">
          <reporter-output>
          </reporter-output>
        </test-method> <!-- logout -->
      </class> <!-- com.testing.Task_04 -->
    </test> <!-- Default test -->
  </suite> <!-- Default suite -->
</testng-results>
